Library/Bee/Android/Prj/IL2CPP/Gradle/unityLibrary/AgoraRtcEngineKit.plugin/build/intermediates/manifest_merge_blame_file/release/manifest-merger-blame-release-report.txt
1<?xml version="1.0" encoding="utf-8"?>
2<manifest xmlns:android="http://schemas.android.com/apk/res/android"
3    package="io.agora.gaming.unity.video"
4    android:versionCode="1"
5    android:versionName="1.0" >
6
7    <uses-sdk
8        android:minSdkVersion="1"
8-->unityLibrary\AgoraRtcEngineKit.plugin\AndroidManifest.xml
9        android:targetSdkVersion="19" />
9-->unityLibrary\AgoraRtcEngineKit.plugin\AndroidManifest.xml
10
11    <uses-permission android:name="android.permission.INTERNET" />
11-->unityLibrary\AgoraRtcEngineKit.plugin\AndroidManifest.xml:8:5-67
11-->unityLibrary\AgoraRtcEngineKit.plugin\AndroidManifest.xml:8:22-64
12    <uses-permission android:name="android.permission.RECORD_AUDIO" />
12-->unityLibrary\AgoraRtcEngineKit.plugin\AndroidManifest.xml:9:5-71
12-->unityLibrary\AgoraRtcEngineKit.plugin\AndroidManifest.xml:9:22-68
13    <uses-permission android:name="android.permission.CAMERA" />
13-->unityLibrary\AgoraRtcEngineKit.plugin\AndroidManifest.xml:10:5-65
13-->unityLibrary\AgoraRtcEngineKit.plugin\AndroidManifest.xml:10:22-62
14    <uses-permission android:name="android.permission.BLUETOOTH" />
14-->unityLibrary\AgoraRtcEngineKit.plugin\AndroidManifest.xml:11:5-68
14-->unityLibrary\AgoraRtcEngineKit.plugin\AndroidManifest.xml:11:22-65
15    <uses-permission android:name="android.permission.MODIFY_AUDIO_SETTINGS" />
15-->unityLibrary\AgoraRtcEngineKit.plugin\AndroidManifest.xml:12:5-80
15-->unityLibrary\AgoraRtcEngineKit.plugin\AndroidManifest.xml:12:22-77
16    <uses-permission android:name="android.permission.ACCESS_NETWORK_STATE" />
16-->unityLibrary\AgoraRtcEngineKit.plugin\AndroidManifest.xml:13:5-79
16-->unityLibrary\AgoraRtcEngineKit.plugin\AndroidManifest.xml:13:22-76
17    <uses-permission android:name="android.permission.ACCESS_WIFI_STATE" />
17-->unityLibrary\AgoraRtcEngineKit.plugin\AndroidManifest.xml:14:5-76
17-->unityLibrary\AgoraRtcEngineKit.plugin\AndroidManifest.xml:14:22-73
18
19    <application android:requestLegacyExternalStorage="true" />
19-->unityLibrary\AgoraRtcEngineKit.plugin\AndroidManifest.xml:6:5-7:51
19-->unityLibrary\AgoraRtcEngineKit.plugin\AndroidManifest.xml:7:5-48
20
21</manifest>